<?xml version="1.0" encoding="UTF-8"?>
<testsuite name="DefinitionTest" tests="7" skipped="0" failures="0" errors="0" timestamp="2015-08-21T19:12:44" hostname="josss-MacBook-Pro.local" time="0.002">
  <properties/>
  <testcase name="definition_instantiatesCorrectly_true" classname="DefinitionTest" time="0.001"/>
  <testcase name="definition_retunsNullifDefinitionNotFound_null" classname="DefinitionTest" time="0.0"/>
  <testcase name="clear_emptiesAllDefiDefinitionFromArrayList" classname="DefinitionTest" time="0.0"/>
  <testcase name="definition_returnsDefinitionWithSameId_defintionTwo" classname="DefinitionTest" time="0.0"/>
  <testcase name="definition_instantiatesWithDescription_true" classname="DefinitionTest" time="0.0"/>
  <testcase name="definition_instantiatesWitId_true" classname="DefinitionTest" time="0.0"/>
  <testcase name="definition_returnsAllInstancesOfDefinitioin_true" classname="DefinitionTest" time="0.0"/>
  <system-out><![CDATA[]]></system-out>
  <system-err><![CDATA[]]></system-err>
</testsuite>
